Using pre-set license
Built from '2020.3/release' branch; Version is '2020.3.44f1 (7f159b6136da) revision 8328603'; Using compiler version '192528614'; Build Type 'Release'
OS: 'Windows 10  (10.0.19045) 64bit Professional' Language: 'ru' Physical Memory: 32699 MB
BatchMode: 1, IsHumanControllingUs: 0, StartBugReporterOnCrash: 0, Is64bit: 1, IsPro: 0

COMMAND LINE ARGUMENTS:
C:\Progects\2020.3.44f1\Editor\Unity.exe
-adb2
-batchMode
-noUpm
-name
AssetImportWorker0
-projectPath
C:/Users/Artem/AnotherNotEndedProject
-logFile
Logs/AssetImportWorker0.log
-srvPort
49986
Successfully changed project path to: C:/Users/Artem/AnotherNotEndedProject
C:/Users/Artem/AnotherNotEndedProject
Using Asset Import Pipeline V2.
Player connection [22320] Host "[IP] 192.168.1.62 [Port] 1073956704 [Flags] 2 [Guid] 3665223065 [EditorId] 3665223065 [Version] 1048832 [Id] WindowsEditor(7,DESKTOP-GM5739V) [Debug] 1 [PackageName] WindowsEditor [ProjectName] Editor" joined multi-casting on [225.0.0.222:54997]...

Player connection [22320] Host "[IP] 192.168.1.62 [Port] 1073956704 [Flags] 2 [Guid] 3665223065 [EditorId] 3665223065 [Version] 1048832 [Id] WindowsEditor(7,DESKTOP-GM5739V) [Debug] 1 [PackageName] WindowsEditor [ProjectName] Editor" joined alternative multi-casting on [225.0.0.222:34997]...

Refreshing native plugins compatible for Editor in 31.19 ms, found 2 plugins.
Preloading 0 native plugins for Editor in 0.00 ms.
Initialize engine version: 2020.3.44f1 (7f159b6136da)
[Subsystems] Discovering subsystems at path C:/Progects/2020.3.44f1/Editor/Data/Resources/UnitySubsystems
[Subsystems] Discovering subsystems at path C:/Users/Artem/AnotherNotEndedProject/Assets
GfxDevice: creating device client; threaded=0
Direct3D:
    Version:  Direct3D 11.0 [level 11.1]
    Renderer: NVIDIA GeForce RTX 3070 Ti (ID=0x2482)
    Vendor:   
    VRAM:     8031 MB
    Driver:   31.0.15.3667
Initialize mono
Mono path[0] = 'C:/Progects/2020.3.44f1/Editor/Data/Managed'
Mono path[1] = 'C:/Progects/2020.3.44f1/Editor/Data/MonoBleedingEdge/lib/mono/unityjit'
Mono config path = 'C:/Progects/2020.3.44f1/Editor/Data/MonoBleedingEdge/etc'
Using monoOptions --debugger-agent=transport=dt_socket,embedding=1,server=y,suspend=n,address=127.0.0.1:56292
Begin MonoManager ReloadAssembly
Registering precompiled unity dll's ...
Register platform support module: C:/Progects/2020.3.44f1/Editor/Data/PlaybackEngines/WindowsStandaloneSupport/UnityEditor.WindowsStandalone.Extensions.dll
Registered in 0.001636 seconds.
Native extension for WindowsStandalone target not found
Refreshing native plugins compatible for Editor in 30.43 ms, found 2 plugins.
Preloading 0 native plugins for Editor in 0.00 ms.
Mono: successfully reloaded assembly
- Completed reload, in  0.522 seconds
Domain Reload Profiling:
	ReloadAssembly (522ms)
		BeginReloadAssembly (55ms)
			ExecutionOrderSort (0ms)
			DisableScriptedObjects (0ms)
			BackupInstance (0ms)
			ReleaseScriptingObjects (0ms)
			CreateAndSetChildDomain (1ms)
		EndReloadAssembly (401ms)
			LoadAssemblies (53ms)
			RebuildTransferFunctionScriptingTraits (0ms)
			SetupTypeCache (129ms)
			ReleaseScriptCaches (0ms)
			RebuildScriptCaches (34ms)
			SetupLoadedEditorAssemblies (147ms)
				LogAssemblyErrors (0ms)
				InitializePlatformSupportModulesInManaged (4ms)
				SetLoadedEditorAssemblies (0ms)
				RefreshPlugins (31ms)
				BeforeProcessingInitializeOnLoad (15ms)
				ProcessInitializeOnLoadAttributes (72ms)
				ProcessInitializeOnLoadMethodAttributes (24ms)
				AfterProcessingInitializeOnLoad (0ms)
				EditorAssembliesLoaded (0ms)
			ExecutionOrderSort2 (0ms)
			AwakeInstancesAfterBackupRestoration (0ms)
Platform modules already initialized, skipping
Registering precompiled user dll's ...
Registered in 0.003068 seconds.
Begin MonoManager ReloadAssembly
Native extension for WindowsStandalone target not found
Refreshing native plugins compatible for Editor in 0.37 ms, found 2 plugins.
Preloading 0 native plugins for Editor in 0.00 ms.
Mono: successfully reloaded assembly
- Completed reload, in  0.914 seconds
Domain Reload Profiling:
	ReloadAssembly (915ms)
		BeginReloadAssembly (130ms)
			ExecutionOrderSort (0ms)
			DisableScriptedObjects (4ms)
			BackupInstance (0ms)
			ReleaseScriptingObjects (0ms)
			CreateAndSetChildDomain (18ms)
		EndReloadAssembly (729ms)
			LoadAssemblies (78ms)
			RebuildTransferFunctionScriptingTraits (0ms)
			SetupTypeCache (237ms)
			ReleaseScriptCaches (0ms)
			RebuildScriptCaches (50ms)
			SetupLoadedEditorAssemblies (297ms)
				LogAssemblyErrors (0ms)
				InitializePlatformSupportModulesInManaged (4ms)
				SetLoadedEditorAssemblies (0ms)
				RefreshPlugins (0ms)
				BeforeProcessingInitializeOnLoad (74ms)
				ProcessInitializeOnLoadAttributes (200ms)
				ProcessInitializeOnLoadMethodAttributes (13ms)
				AfterProcessingInitializeOnLoad (5ms)
				EditorAssembliesLoaded (0ms)
			ExecutionOrderSort2 (0ms)
			AwakeInstancesAfterBackupRestoration (2ms)
Platform modules already initialized, skipping
========================================================================
Worker process is ready to serve import requests
Launched and connected shader compiler UnityShaderCompiler.exe after 0.04 seconds
Refreshing native plugins compatible for Editor in 0.35 ms, found 2 plugins.
Preloading 0 native plugins for Editor in 0.00 ms.
Unloading 1543 Unused Serialized files (Serialized files now loaded: 0)
System memory in use before: 70.9 MB.
System memory in use after: 71.0 MB.

Unloading 18 unused Assets to reduce memory usage. Loaded Objects now: 1987.
Total: 2.648400 ms (FindLiveObjects: 0.151400 ms CreateObjectMapping: 0.034200 ms MarkObjects: 2.401900 ms  DeleteObjects: 0.059700 ms)

AssetImportParameters requested are different than current active one (requested -> active):
  custom:framework-win-MediaFoundation: 216162199b28c13a410421893ffa2e32 -> 
  custom:video-decoder-ogg-theora: a1e56fd34408186e4bbccfd4996cb3dc -> 
  custom:container-muxer-webm: aa71ff27fc2769a1b78a27578f13a17b -> 
  custom:container-demuxer-webm: 4f35f7cbe854078d1ac9338744f61a02 -> 
  custom:container-demuxer-ogg: 62fdf1f143b41e24485cea50d1cbac27 -> 
  custom:video-encoder-webm-vp8: eb34c28f22e8b96e1ab97ce403110664 -> 
  custom:video-decoder-webm-vp8: 9c59270c3fd7afecdb556c50c9e8de78 -> 
  custom:audio-decoder-ogg-vorbis: bf7c407c2cedff20999df2af8eb42d56 -> 
  custom:audio-encoder-webm-vorbis: bf7c407c2cedff20999df2af8eb42d56 -> 
========================================================================
Received Import Request.
  path: Assets/Prefabs/Tonnels/ThroughTunnel.prefab
  artifactKey: Guid(d35fe2564acc16a449f61615971e6b05) Importer(815301076,1909f56bfc062723c751e8b465ee728b)
Start importing Assets/Prefabs/Tonnels/ThroughTunnel.prefab using Guid(d35fe2564acc16a449f61615971e6b05) Importer(815301076,1909f56bfc062723c751e8b465ee728b)  -> (artifact id: 'ca51bf5e07cf9f15924b07cdb0148244') in 0.153761 seconds 
========================================================================
Received Import Request.
  Time since last request: 0.000223 seconds.
  path: Assets/Prefabs/Tonnels/StartPosition.prefab
  artifactKey: Guid(de0a3e84efbec1248bf08e28b4818f47) Importer(815301076,1909f56bfc062723c751e8b465ee728b)
Start importing Assets/Prefabs/Tonnels/StartPosition.prefab using Guid(de0a3e84efbec1248bf08e28b4818f47) Importer(815301076,1909f56bfc062723c751e8b465ee728b)  -> (artifact id: '320f94b37c6baf4150362c18708e82f3') in 0.019481 seconds 
========================================================================
Received Import Request.
  Time since last request: 0.000150 seconds.
  path: Assets/Prefabs/Tonnels/GraveSTonnel.prefab
  artifactKey: Guid(569846c61909236499180d5153d343bf) Importer(815301076,1909f56bfc062723c751e8b465ee728b)
Start importing Assets/Prefabs/Tonnels/GraveSTonnel.prefab using Guid(569846c61909236499180d5153d343bf) Importer(815301076,1909f56bfc062723c751e8b465ee728b)  -> (artifact id: '9a2b4158390c62167013e03e42eda8c9') in 0.133450 seconds 
========================================================================
Received Import Request.
  Time since last request: 0.000253 seconds.
  path: Assets/Prefabs/Tonnels/Shop.prefab
  artifactKey: Guid(f80a973d22a424044a4a05ef53fc7887) Importer(815301076,1909f56bfc062723c751e8b465ee728b)
Start importing Assets/Prefabs/Tonnels/Shop.prefab using Guid(f80a973d22a424044a4a05ef53fc7887) Importer(815301076,1909f56bfc062723c751e8b465ee728b)  -> (artifact id: '8c5f370aef7a39b04d8b5f63690fa3c0') in 0.035074 seconds 
========================================================================
Received Import Request.
  Time since last request: 0.000185 seconds.
  path: Assets/Prefabs/Tonnels/ServiceTunnel.prefab
  artifactKey: Guid(1d7c8c06c7b2d0c459328abaa6e753c5) Importer(815301076,1909f56bfc062723c751e8b465ee728b)
Start importing Assets/Prefabs/Tonnels/ServiceTunnel.prefab using Guid(1d7c8c06c7b2d0c459328abaa6e753c5) Importer(815301076,1909f56bfc062723c751e8b465ee728b)  -> (artifact id: 'bde668c797c642db74540208ad62120e') in 0.102642 seconds 
========================================================================
Received Import Request.
  Time since last request: 0.001443 seconds.
  path: Assets/Prefabs/Tonnels/Karcer.prefab
  artifactKey: Guid(75c8692f4412dbc4c90fbb095e7845d4) Importer(815301076,1909f56bfc062723c751e8b465ee728b)
Start importing Assets/Prefabs/Tonnels/Karcer.prefab using Guid(75c8692f4412dbc4c90fbb095e7845d4) Importer(815301076,1909f56bfc062723c751e8b465ee728b)  -> (artifact id: '9ef6093577dc603420fa7b9f29cec19b') in 0.028681 seconds 
========================================================================
Received Import Request.
  Time since last request: 0.000218 seconds.
  path: Assets/Prefabs/Tonnels/ForgetMarket.prefab
  artifactKey: Guid(d25c4420bf199bf4cb8c3b2a7164f460) Importer(815301076,1909f56bfc062723c751e8b465ee728b)
Start importing Assets/Prefabs/Tonnels/ForgetMarket.prefab using Guid(d25c4420bf199bf4cb8c3b2a7164f460) Importer(815301076,1909f56bfc062723c751e8b465ee728b)  -> (artifact id: 'f7fb6b70c38f9cdb6ed3400b5d702140') in 0.027248 seconds 
========================================================================
Received Import Request.
  Time since last request: 0.000229 seconds.
  path: Assets/Prefabs/Tonnels/BlackMarket.prefab
  artifactKey: Guid(17d8d0861969576488a1a8c197d4d1c9) Importer(815301076,1909f56bfc062723c751e8b465ee728b)
Start importing Assets/Prefabs/Tonnels/BlackMarket.prefab using Guid(17d8d0861969576488a1a8c197d4d1c9) Importer(815301076,1909f56bfc062723c751e8b465ee728b)  -> (artifact id: '1bc93cefd59501094298e249c9697193') in 0.029942 seconds 
========================================================================
Received Import Request.
  Time since last request: 0.000146 seconds.
  path: Assets/Prefabs/Tonnels/EnemyTonnel.prefab
  artifactKey: Guid(ebc74db489c28cd4e913375e4dea40ba) Importer(815301076,1909f56bfc062723c751e8b465ee728b)
Start importing Assets/Prefabs/Tonnels/EnemyTonnel.prefab using Guid(ebc74db489c28cd4e913375e4dea40ba) Importer(815301076,1909f56bfc062723c751e8b465ee728b)  -> (artifact id: '06856d9fedf2349f16454fe4192da263') in 0.042690 seconds 
========================================================================
Received Import Request.
  Time since last request: 0.000213 seconds.
  path: Assets/Prefabs/Tonnels/SequrityShortCut.prefab
  artifactKey: Guid(657ece98c78f2bc4fade6e442c1444da) Importer(815301076,1909f56bfc062723c751e8b465ee728b)
Start importing Assets/Prefabs/Tonnels/SequrityShortCut.prefab using Guid(657ece98c78f2bc4fade6e442c1444da) Importer(815301076,1909f56bfc062723c751e8b465ee728b)  -> (artifact id: 'ba3be48d8ee669832699185d2abeb292') in 0.021894 seconds 
========================================================================
Received Prepare
Registering precompiled user dll's ...
Registered in 0.002718 seconds.
Begin MonoManager ReloadAssembly
Native extension for WindowsStandalone target not found
Refreshing native plugins compatible for Editor in 0.36 ms, found 2 plugins.
Preloading 0 native plugins for Editor in 0.00 ms.
Mono: successfully reloaded assembly
- Completed reload, in  0.878 seconds
Domain Reload Profiling:
	ReloadAssembly (878ms)
		BeginReloadAssembly (103ms)
			ExecutionOrderSort (0ms)
			DisableScriptedObjects (4ms)
			BackupInstance (0ms)
			ReleaseScriptingObjects (0ms)
			CreateAndSetChildDomain (32ms)
		EndReloadAssembly (720ms)
			LoadAssemblies (77ms)
			RebuildTransferFunctionScriptingTraits (0ms)
			SetupTypeCache (226ms)
			ReleaseScriptCaches (1ms)
			RebuildScriptCaches (42ms)
			SetupLoadedEditorAssemblies (262ms)
				LogAssemblyErrors (0ms)
				InitializePlatformSupportModulesInManaged (4ms)
				SetLoadedEditorAssemblies (0ms)
				RefreshPlugins (0ms)
				BeforeProcessingInitializeOnLoad (66ms)
				ProcessInitializeOnLoadAttributes (174ms)
				ProcessInitializeOnLoadMethodAttributes (11ms)
				AfterProcessingInitializeOnLoad (5ms)
				EditorAssembliesLoaded (0ms)
			ExecutionOrderSort2 (0ms)
			AwakeInstancesAfterBackupRestoration (2ms)
Platform modules already initialized, skipping
Switching build target platform(19) subTarget(0) extendedPlatform(0) -> platform(13) subTarget(537395200) extendedPlatform(0)
Refreshing native plugins compatible for Editor in 0.33 ms, found 2 plugins.
Preloading 0 native plugins for Editor in 0.00 ms.
Unloading 1540 Unused Serialized files (Serialized files now loaded: 0)
System memory in use before: 74.9 MB.
System memory in use after: 75.0 MB.

Unloading 14 unused Assets to reduce memory usage. Loaded Objects now: 2004.
Total: 2.748400 ms (FindLiveObjects: 0.136500 ms CreateObjectMapping: 0.036000 ms MarkObjects: 2.547800 ms  DeleteObjects: 0.027100 ms)

AssetImportParameters requested are different than current active one (requested -> active):
  custom:framework-win-MediaFoundation: 216162199b28c13a410421893ffa2e32 -> 
  custom:video-decoder-ogg-theora: a1e56fd34408186e4bbccfd4996cb3dc -> 
  custom:container-muxer-webm: aa71ff27fc2769a1b78a27578f13a17b -> 
  custom:container-demuxer-webm: 4f35f7cbe854078d1ac9338744f61a02 -> 
  custom:container-demuxer-ogg: 62fdf1f143b41e24485cea50d1cbac27 -> 
  custom:video-encoder-webm-vp8: eb34c28f22e8b96e1ab97ce403110664 -> 
  custom:video-decoder-webm-vp8: 9c59270c3fd7afecdb556c50c9e8de78 -> 
  custom:graphics/normal-map-encoding: 01000000000000000000000000000000 -> 02000000000000000000000000000000
  custom:audio-decoder-ogg-vorbis: bf7c407c2cedff20999df2af8eb42d56 -> 
  custom:audio-encoder-webm-vorbis: bf7c407c2cedff20999df2af8eb42d56 -> 
========================================================================
Received Import Request.
  Time since last request: 1144.742224 seconds.
  path: Assets/Prefabs/InTonnelObjects/Box.prefab
  artifactKey: Guid(490bedf620fd72e499487ae94750286e) Importer(815301076,1909f56bfc062723c751e8b465ee728b)
Start importing Assets/Prefabs/InTonnelObjects/Box.prefab using Guid(490bedf620fd72e499487ae94750286e) Importer(815301076,1909f56bfc062723c751e8b465ee728b)  -> (artifact id: '8eb14e540334be81c5fdaa2f9342204e') in 0.182230 seconds 
========================================================================
Received Import Request.
  Time since last request: 0.000169 seconds.
  path: Assets/Prefabs/InTonnelObjects/tank.prefab
  artifactKey: Guid(f877fb5e681b98e49bf40442f8e4c075) Importer(815301076,1909f56bfc062723c751e8b465ee728b)
Start importing Assets/Prefabs/InTonnelObjects/tank.prefab using Guid(f877fb5e681b98e49bf40442f8e4c075) Importer(815301076,1909f56bfc062723c751e8b465ee728b)  -> (artifact id: '5ee56eb22b2e3af5456dc1acae62b902') in 0.013471 seconds 
========================================================================
Received Import Request.
  Time since last request: 0.000190 seconds.
  path: Assets/Prefabs/InTonnelObjects/Grave.prefab
  artifactKey: Guid(2e98174de26bae44db9216387e720ce7) Importer(815301076,1909f56bfc062723c751e8b465ee728b)
Start importing Assets/Prefabs/InTonnelObjects/Grave.prefab using Guid(2e98174de26bae44db9216387e720ce7) Importer(815301076,1909f56bfc062723c751e8b465ee728b)  -> (artifact id: '7bc7ec9dd951414508a2ef22a5dbbb20') in 0.107702 seconds 
========================================================================
Received Import Request.
  Time since last request: 0.000156 seconds.
  path: Assets/Prefabs/InTonnelObjects/TorchStand.prefab
  artifactKey: Guid(c7a34418775a347439aef80323edc774) Importer(815301076,1909f56bfc062723c751e8b465ee728b)
Start importing Assets/Prefabs/InTonnelObjects/TorchStand.prefab using Guid(c7a34418775a347439aef80323edc774) Importer(815301076,1909f56bfc062723c751e8b465ee728b)  -> (artifact id: 'd709e78f6e0ed7c2d72ce5db35e1d65e') in 0.041404 seconds 
========================================================================
Received Import Request.
  Time since last request: 16.680803 seconds.
  path: Assets/Prefabs/InTonnelObjects/TorchStand.prefab
  artifactKey: Guid(c7a34418775a347439aef80323edc774) Importer(815301076,1909f56bfc062723c751e8b465ee728b)
Start importing Assets/Prefabs/InTonnelObjects/TorchStand.prefab using Guid(c7a34418775a347439aef80323edc774) Importer(815301076,1909f56bfc062723c751e8b465ee728b)  -> (artifact id: '0223e40edade032a2034155dc593e1a8') in 0.021978 seconds 
========================================================================
Received Import Request.
  Time since last request: 43.481660 seconds.
  path: Assets/Materials/fire.mat
  artifactKey: Guid(1fb777444061be6409b697e61038afa1) Importer(815301076,1909f56bfc062723c751e8b465ee728b)
Start importing Assets/Materials/fire.mat using Guid(1fb777444061be6409b697e61038afa1) Importer(815301076,1909f56bfc062723c751e8b465ee728b)  -> (artifact id: '56fda852d6444174a77e6fde823a18fe') in 0.028991 seconds 
========================================================================
Received Import Request.
  Time since last request: 20.318119 seconds.
  path: Assets/Sprites/png-transparent-hawaii-animation-sprite-lava-waterfall-orange-video-game-cartoon-thumbnail.png
  artifactKey: Guid(3c82152cd18f8374ea61018c502cf7ca) Importer(815301076,1909f56bfc062723c751e8b465ee728b)
Start importing Assets/Sprites/png-transparent-hawaii-animation-sprite-lava-waterfall-orange-video-game-cartoon-thumbnail.png using Guid(3c82152cd18f8374ea61018c502cf7ca) Importer(815301076,1909f56bfc062723c751e8b465ee728b)  -> (artifact id: 'c7a1f98ec06fd52b0ee56867c4ca0992') in 0.043171 seconds 
========================================================================
Received Import Request.
  Time since last request: 0.000162 seconds.
  path: Assets/Sprites/png-transparent-opengameart-org-asabiraki-co-ltd-sprite-sake-the-open-book-open-book-miscellaneous-angle-rectangle.png
  artifactKey: Guid(1b683bbcce3febb45bc7da09fd8c9c10) Importer(815301076,1909f56bfc062723c751e8b465ee728b)
Start importing Assets/Sprites/png-transparent-opengameart-org-asabiraki-co-ltd-sprite-sake-the-open-book-open-book-miscellaneous-angle-rectangle.png using Guid(1b683bbcce3febb45bc7da09fd8c9c10) Importer(815301076,1909f56bfc062723c751e8b465ee728b)  -> (artifact id: '509ec08dd8fe11c1d2744c9d161e1022') in 0.032970 seconds 
========================================================================
Received Import Request.
  Time since last request: 3.589862 seconds.
  path: Assets/Scripts/GameItemGenerator.cs
  artifactKey: Guid(0af038308ece4ab4bb2d2ce4a784c09e) Importer(815301076,1909f56bfc062723c751e8b465ee728b)
Start importing Assets/Scripts/GameItemGenerator.cs using Guid(0af038308ece4ab4bb2d2ce4a784c09e) Importer(815301076,1909f56bfc062723c751e8b465ee728b)  -> (artifact id: '98d6406b0bad8f095768b843711e31c9') in 0.010295 seconds 
========================================================================
Received Import Request.
  Time since last request: 180.138043 seconds.
  path: Assets/Scripts/GameItemGenerator.cs
  artifactKey: Guid(0af038308ece4ab4bb2d2ce4a784c09e) Importer(815301076,1909f56bfc062723c751e8b465ee728b)
Start importing Assets/Scripts/GameItemGenerator.cs using Guid(0af038308ece4ab4bb2d2ce4a784c09e) Importer(815301076,1909f56bfc062723c751e8b465ee728b)  -> (artifact id: '4351d8f11350815f0db018ec7a59d68a') in 0.002453 seconds 
========================================================================
Received Prepare
Registering precompiled user dll's ...
Registered in 0.002842 seconds.
Begin MonoManager ReloadAssembly
Native extension for WindowsStandalone target not found
Refreshing native plugins compatible for Editor in 0.36 ms, found 2 plugins.
Preloading 0 native plugins for Editor in 0.00 ms.
Mono: successfully reloaded assembly
- Completed reload, in  0.842 seconds
Domain Reload Profiling:
	ReloadAssembly (842ms)
		BeginReloadAssembly (101ms)
			ExecutionOrderSort (0ms)
			DisableScriptedObjects (4ms)
			BackupInstance (0ms)
			ReleaseScriptingObjects (0ms)
			CreateAndSetChildDomain (30ms)
		EndReloadAssembly (684ms)
			LoadAssemblies (78ms)
			RebuildTransferFunctionScriptingTraits (0ms)
			SetupTypeCache (226ms)
			ReleaseScriptCaches (1ms)
			RebuildScriptCaches (42ms)
			SetupLoadedEditorAssemblies (260ms)
				LogAssemblyErrors (0ms)
				InitializePlatformSupportModulesInManaged (4ms)
				SetLoadedEditorAssemblies (0ms)
				RefreshPlugins (0ms)
				BeforeProcessingInitializeOnLoad (65ms)
				ProcessInitializeOnLoadAttributes (174ms)
				ProcessInitializeOnLoadMethodAttributes (11ms)
				AfterProcessingInitializeOnLoad (5ms)
				EditorAssembliesLoaded (0ms)
			ExecutionOrderSort2 (0ms)
			AwakeInstancesAfterBackupRestoration (2ms)
Platform modules already initialized, skipping
Switching build target platform(19) subTarget(0) extendedPlatform(0) -> platform(13) subTarget(537395200) extendedPlatform(0)
Refreshing native plugins compatible for Editor in 0.37 ms, found 2 plugins.
Preloading 0 native plugins for Editor in 0.00 ms.
Unloading 1540 Unused Serialized files (Serialized files now loaded: 0)
System memory in use before: 75.2 MB.
System memory in use after: 75.3 MB.

Unloading 14 unused Assets to reduce memory usage. Loaded Objects now: 2045.
Total: 2.626500 ms (FindLiveObjects: 0.150600 ms CreateObjectMapping: 0.040500 ms MarkObjects: 2.415500 ms  DeleteObjects: 0.019100 ms)

AssetImportParameters requested are different than current active one (requested -> active):
  custom:framework-win-MediaFoundation: 216162199b28c13a410421893ffa2e32 -> 
  custom:video-decoder-ogg-theora: a1e56fd34408186e4bbccfd4996cb3dc -> 
  custom:container-muxer-webm: aa71ff27fc2769a1b78a27578f13a17b -> 
  custom:container-demuxer-webm: 4f35f7cbe854078d1ac9338744f61a02 -> 
  custom:container-demuxer-ogg: 62fdf1f143b41e24485cea50d1cbac27 -> 
  custom:video-encoder-webm-vp8: eb34c28f22e8b96e1ab97ce403110664 -> 
  custom:video-decoder-webm-vp8: 9c59270c3fd7afecdb556c50c9e8de78 -> 
  custom:graphics/normal-map-encoding: 01000000000000000000000000000000 -> 02000000000000000000000000000000
  custom:audio-decoder-ogg-vorbis: bf7c407c2cedff20999df2af8eb42d56 -> 
  custom:audio-encoder-webm-vorbis: bf7c407c2cedff20999df2af8eb42d56 -> 
========================================================================
Received Import Request.
  Time since last request: 364.763305 seconds.
  path: Assets/Prefabs/Items/Pika.prefab
  artifactKey: Guid(c411c65c93ce07c4fb2dc3a0501e3566) Importer(815301076,1909f56bfc062723c751e8b465ee728b)
Start importing Assets/Prefabs/Items/Pika.prefab using Guid(c411c65c93ce07c4fb2dc3a0501e3566) Importer(815301076,1909f56bfc062723c751e8b465ee728b)  -> (artifact id: '0190e4ca8e9077e40cb47e3162c0501b') in 0.055214 seconds 
========================================================================
Received Prepare
Registering precompiled user dll's ...
Registered in 0.003012 seconds.
Begin MonoManager ReloadAssembly
Native extension for WindowsStandalone target not found
Refreshing native plugins compatible for Editor in 0.37 ms, found 2 plugins.
Preloading 0 native plugins for Editor in 0.00 ms.
Mono: successfully reloaded assembly
- Completed reload, in  0.875 seconds
Domain Reload Profiling:
	ReloadAssembly (875ms)
		BeginReloadAssembly (96ms)
			ExecutionOrderSort (0ms)
			DisableScriptedObjects (4ms)
			BackupInstance (0ms)
			ReleaseScriptingObjects (0ms)
			CreateAndSetChildDomain (27ms)
		EndReloadAssembly (723ms)
			LoadAssemblies (79ms)
			RebuildTransferFunctionScriptingTraits (0ms)
			SetupTypeCache (242ms)
			ReleaseScriptCaches (1ms)
			RebuildScriptCaches (44ms)
			SetupLoadedEditorAssemblies (269ms)
				LogAssemblyErrors (0ms)
				InitializePlatformSupportModulesInManaged (4ms)
				SetLoadedEditorAssemblies (0ms)
				RefreshPlugins (0ms)
				BeforeProcessingInitializeOnLoad (68ms)
				ProcessInitializeOnLoadAttributes (179ms)
				ProcessInitializeOnLoadMethodAttributes (12ms)
				AfterProcessingInitializeOnLoad (5ms)
				EditorAssembliesLoaded (0ms)
			ExecutionOrderSort2 (0ms)
			AwakeInstancesAfterBackupRestoration (2ms)
Platform modules already initialized, skipping
Switching build target platform(19) subTarget(0) extendedPlatform(0) -> platform(13) subTarget(537395200) extendedPlatform(0)
Refreshing native plugins compatible for Editor in 0.36 ms, found 2 plugins.
Preloading 0 native plugins for Editor in 0.00 ms.
Unloading 1540 Unused Serialized files (Serialized files now loaded: 0)
System memory in use before: 75.2 MB.
System memory in use after: 75.4 MB.

Unloading 13 unused Assets to reduce memory usage. Loaded Objects now: 2049.
Total: 2.543200 ms (FindLiveObjects: 0.135000 ms CreateObjectMapping: 0.035600 ms MarkObjects: 2.352400 ms  DeleteObjects: 0.019100 ms)

AssetImportParameters requested are different than current active one (requested -> active):
  custom:framework-win-MediaFoundation: 216162199b28c13a410421893ffa2e32 -> 
  custom:video-decoder-ogg-theora: a1e56fd34408186e4bbccfd4996cb3dc -> 
  custom:container-muxer-webm: aa71ff27fc2769a1b78a27578f13a17b -> 
  custom:container-demuxer-webm: 4f35f7cbe854078d1ac9338744f61a02 -> 
  custom:container-demuxer-ogg: 62fdf1f143b41e24485cea50d1cbac27 -> 
  custom:video-encoder-webm-vp8: eb34c28f22e8b96e1ab97ce403110664 -> 
  custom:video-decoder-webm-vp8: 9c59270c3fd7afecdb556c50c9e8de78 -> 
  custom:graphics/normal-map-encoding: 01000000000000000000000000000000 -> 02000000000000000000000000000000
  custom:audio-decoder-ogg-vorbis: bf7c407c2cedff20999df2af8eb42d56 -> 
  custom:audio-encoder-webm-vorbis: bf7c407c2cedff20999df2af8eb42d56 -> 
========================================================================
Received Import Request.
  Time since last request: 25.018963 seconds.
  path: Assets/Prefabs/InTonnelObjects/Grave.prefab
  artifactKey: Guid(2e98174de26bae44db9216387e720ce7) Importer(815301076,1909f56bfc062723c751e8b465ee728b)
Start importing Assets/Prefabs/InTonnelObjects/Grave.prefab using Guid(2e98174de26bae44db9216387e720ce7) Importer(815301076,1909f56bfc062723c751e8b465ee728b)  -> (artifact id: '75b58af74535c52f587fdbae78813a97') in 0.079441 seconds 
========================================================================
Received Prepare
Refreshing native plugins compatible for Editor in 2.51 ms, found 2 plugins.
Preloading 0 native plugins for Editor in 0.00 ms.
Unloading 11 Unused Serialized files (Serialized files now loaded: 0)
System memory in use before: 46.6 MB.
System memory in use after: 46.7 MB.

Unloading 11 unused Assets to reduce memory usage. Loaded Objects now: 2050.
Total: 3.102200 ms (FindLiveObjects: 0.148900 ms CreateObjectMapping: 0.035400 ms MarkObjects: 2.899800 ms  DeleteObjects: 0.017400 ms)

AssetImportParameters requested are different than current active one (requested -> active):
  custom:framework-win-MediaFoundation: 216162199b28c13a410421893ffa2e32 -> 
  custom:video-decoder-ogg-theora: a1e56fd34408186e4bbccfd4996cb3dc -> 
  custom:container-muxer-webm: aa71ff27fc2769a1b78a27578f13a17b -> 
  custom:container-demuxer-webm: 4f35f7cbe854078d1ac9338744f61a02 -> 
  custom:container-demuxer-ogg: 62fdf1f143b41e24485cea50d1cbac27 -> 
  custom:video-encoder-webm-vp8: eb34c28f22e8b96e1ab97ce403110664 -> 
  custom:video-decoder-webm-vp8: 9c59270c3fd7afecdb556c50c9e8de78 -> 
  custom:audio-decoder-ogg-vorbis: bf7c407c2cedff20999df2af8eb42d56 -> 
  custom:audio-encoder-webm-vorbis: bf7c407c2cedff20999df2af8eb42d56 -> 
AssetImportWorkerClient::OnTransportError - code=2 error=End of file
